<?xml version="1.0" encoding="UTF-8"?>
<coverage generated="1549898443991" clover="3.2.0">
  <project timestamp="1549898443991" name="All files">
    <metrics statements="51" coveredstatements="49" conditionals="20" coveredconditionals="16" methods="27" coveredmethods="26" elements="98" coveredelements="91" complexity="0" loc="51" ncloc="51" packages="2" files="2" classes="2"/>
    <package name="resources">
      <metrics statements="1" coveredstatements="1" conditionals="0" coveredconditionals="0" methods="0" coveredmethods="0"/>
      <file name="sensors_data.js" path="/home/dosseh/WEB-objectmodel-lab/resources/sensors_data.js">
        <metrics statements="1" coveredstatements="1" conditionals="0" coveredconditionals="0" methods="0" coveredmethods="0"/>
        <line num="1" count="1" type="stmt"/>
      </file>
    </package>
    <package name="src">
      <metrics statements="50" coveredstatements="48" conditionals="20" coveredconditionals="16" methods="27" coveredmethods="26"/>
      <file name="index.js" path="/home/dosseh/WEB-objectmodel-lab/src/index.js">
        <metrics statements="50" coveredstatements="48" conditionals="20" coveredconditionals="16" methods="27" coveredmethods="26"/>
        <line num="2" count="1" type="stmt"/>
        <line num="10" count="4" type="stmt"/>
        <line num="11" count="4" type="stmt"/>
        <line num="12" count="4" type="stmt"/>
        <line num="15" count="8" type="cond" truecount="1" falsecount="1"/>
        <line num="18" count="11" type="cond" truecount="1" falsecount="1"/>
        <line num="22" count="4" type="stmt"/>
        <line num="29" count="2" type="stmt"/>
        <line num="30" count="2" type="stmt"/>
        <line num="33" count="4" type="cond" truecount="2" falsecount="0"/>
        <line num="36" count="2" type="stmt"/>
        <line num="45" count="9" type="stmt"/>
        <line num="46" count="9" type="stmt"/>
        <line num="47" count="9" type="stmt"/>
        <line num="48" count="9" type="stmt"/>
        <line num="53" count="12" type="cond" truecount="2" falsecount="0"/>
        <line num="56" count="24" type="cond" truecount="2" falsecount="0"/>
        <line num="59" count="36" type="cond" truecount="2" falsecount="0"/>
        <line num="62" count="12" type="cond" truecount="2" falsecount="0"/>
        <line num="65" count="4" type="stmt"/>
        <line num="67" count="26" type="cond" truecount="1" falsecount="1"/>
        <line num="69" count="4" type="cond" truecount="1" falsecount="1"/>
        <line num="77" count="3" type="stmt"/>
        <line num="84" count="3" type="stmt"/>
        <line num="90" count="3" type="stmt"/>
        <line num="94" count="3" type="stmt"/>
        <line num="100" count="3" type="stmt"/>
        <line num="105" count="3" type="stmt"/>
        <line num="141" count="1" type="stmt"/>
        <line num="142" count="1" type="stmt"/>
        <line num="143" count="1" type="stmt"/>
        <line num="144" count="6" type="stmt"/>
        <line num="146" count="1" type="stmt"/>
        <line num="147" count="0" type="stmt"/>
        <line num="148" count="0" type="stmt"/>
        <line num="151" count="1" type="stmt"/>
        <line num="152" count="1" type="stmt"/>
        <line num="156" count="1" type="stmt"/>
        <line num="158" count="6" type="stmt"/>
        <line num="161" count="1" type="stmt"/>
        <line num="162" count="1" type="stmt"/>
        <line num="164" count="12" type="stmt"/>
        <line num="165" count="12" type="stmt"/>
        <line num="166" count="12" type="stmt"/>
        <line num="167" count="12" type="stmt"/>
        <line num="168" count="12" type="stmt"/>
        <line num="169" count="12" type="stmt"/>
        <line num="171" count="12" type="stmt"/>
        <line num="172" count="12" type="cond" truecount="2" falsecount="0"/>
        <line num="173" count="12" type="stmt"/>
      </file>
    </package>
  </project>
</coverage>
