{"/home/dosseh/WEB-objectmodel-lab/resources/sensors_data.js": {"path":"/home/dosseh/WEB-objectmodel-lab/resources/sensors_data.js","statementMap":{"0":{"start":{"line":1,"column":20},"end":{"line":28,"column":1}}},"fnMap":{},"branchMap":{},"s":{"0":1},"f":{},"b":{},"_coverageSchema":"43e27e138ebf9cfc5966b082cf9a028302ed4184","hash":"139e6155c96047d12f5a51ec59dda20b68b4c8b8"}
,"/home/dosseh/WEB-objectmodel-lab/src/index.js": {"path":"/home/dosseh/WEB-objectmodel-lab/src/index.js","statementMap":{"0":{"start":{"line":2,"column":23},"end":{"line":2,"column":36}},"1":{"start":{"line":2,"column":29},"end":{"line":2,"column":36}},"2":{"start":{"line":10,"column":8},"end":{"line":10,"column":16}},"3":{"start":{"line":11,"column":8},"end":{"line":11,"column":30}},"4":{"start":{"line":12,"column":8},"end":{"line":12,"column":30}},"5":{"start":{"line":15,"column":8},"end":{"line":15,"column":34}},"6":{"start":{"line":18,"column":8},"end":{"line":18,"column":34}},"7":{"start":{"line":22,"column":8},"end":{"line":22,"column":52}},"8":{"start":{"line":29,"column":8},"end":{"line":29,"column":21}},"9":{"start":{"line":30,"column":8},"end":{"line":30,"column":28}},"10":{"start":{"line":33,"column":8},"end":{"line":33,"column":32}},"11":{"start":{"line":36,"column":8},"end":{"line":36,"column":37}},"12":{"start":{"line":45,"column":8},"end":{"line":45,"column":22}},"13":{"start":{"line":46,"column":8},"end":{"line":46,"column":26}},"14":{"start":{"line":47,"column":8},"end":{"line":47,"column":26}},"15":{"start":{"line":48,"column":8},"end":{"line":48,"column":26}},"16":{"start":{"line":53,"column":8},"end":{"line":53,"column":29}},"17":{"start":{"line":56,"column":8},"end":{"line":56,"column":32}},"18":{"start":{"line":59,"column":8},"end":{"line":59,"column":32}},"19":{"start":{"line":62,"column":8},"end":{"line":62,"column":32}},"20":{"start":{"line":65,"column":23},"end":{"line":65,"column":56}},"21":{"start":{"line":67,"column":22},"end":{"line":67,"column":133}},"22":{"start":{"line":67,"column":91},"end":{"line":67,"column":96}},"23":{"start":{"line":69,"column":29},"end":{"line":69,"column":125}},"24":{"start":{"line":77,"column":8},"end":{"line":77,"column":36}},"25":{"start":{"line":84,"column":8},"end":{"line":84,"column":70}},"26":{"start":{"line":90,"column":8},"end":{"line":90,"column":36}},"27":{"start":{"line":94,"column":8},"end":{"line":94,"column":70}},"28":{"start":{"line":100,"column":8},"end":{"line":100,"column":36}},"29":{"start":{"line":105,"column":8},"end":{"line":105,"column":70}},"30":{"start":{"line":141,"column":20},"end":{"line":153,"column":1}},"31":{"start":{"line":142,"column":24},"end":{"line":142,"column":43}},"32":{"start":{"line":143,"column":4},"end":{"line":145,"column":5}},"33":{"start":{"line":144,"column":8},"end":{"line":144,"column":31}},"34":{"start":{"line":146,"column":4},"end":{"line":150,"column":6}},"35":{"start":{"line":147,"column":8},"end":{"line":149,"column":9}},"36":{"start":{"line":148,"column":12},"end":{"line":148,"column":35}},"37":{"start":{"line":151,"column":4},"end":{"line":151,"column":31}},"38":{"start":{"line":152,"column":4},"end":{"line":152,"column":23}},"39":{"start":{"line":156,"column":19},"end":{"line":156,"column":103}},"40":{"start":{"line":158,"column":28},"end":{"line":158,"column":64}},"41":{"start":{"line":158,"column":42},"end":{"line":158,"column":63}},"42":{"start":{"line":161,"column":14},"end":{"line":161,"column":16}},"43":{"start":{"line":162,"column":38},"end":{"line":174,"column":1}},"44":{"start":{"line":164,"column":4},"end":{"line":164,"column":50}},"45":{"start":{"line":165,"column":4},"end":{"line":165,"column":32}},"46":{"start":{"line":166,"column":4},"end":{"line":166,"column":33}},"47":{"start":{"line":167,"column":4},"end":{"line":167,"column":39}},"48":{"start":{"line":168,"column":4},"end":{"line":168,"column":40}},"49":{"start":{"line":169,"column":4},"end":{"line":169,"column":59}},"50":{"start":{"line":171,"column":17},"end":{"line":171,"column":19}},"51":{"start":{"line":172,"column":4},"end":{"line":172,"column":65}},"52":{"start":{"line":172,"column":38},"end":{"line":172,"column":65}},"53":{"start":{"line":173,"column":4},"end":{"line":173,"column":27}}},"fnMap":{"0":{"name":"(anonymous_0)","decl":{"start":{"line":2,"column":23},"end":{"line":2,"column":24}},"loc":{"start":{"line":2,"column":29},"end":{"line":2,"column":36}},"line":2},"1":{"name":"(anonymous_1)","decl":{"start":{"line":9,"column":4},"end":{"line":9,"column":5}},"loc":{"start":{"line":9,"column":32},"end":{"line":13,"column":5}},"line":9},"2":{"name":"(anonymous_2)","decl":{"start":{"line":14,"column":4},"end":{"line":14,"column":5}},"loc":{"start":{"line":14,"column":17},"end":{"line":16,"column":5}},"line":14},"3":{"name":"(anonymous_3)","decl":{"start":{"line":17,"column":4},"end":{"line":17,"column":5}},"loc":{"start":{"line":17,"column":17},"end":{"line":19,"column":5}},"line":17},"4":{"name":"(anonymous_4)","decl":{"start":{"line":21,"column":4},"end":{"line":21,"column":5}},"loc":{"start":{"line":21,"column":56},"end":{"line":23,"column":5}},"line":21},"5":{"name":"(anonymous_5)","decl":{"start":{"line":28,"column":4},"end":{"line":28,"column":5}},"loc":{"start":{"line":28,"column":23},"end":{"line":31,"column":5}},"line":28},"6":{"name":"(anonymous_6)","decl":{"start":{"line":32,"column":4},"end":{"line":32,"column":5}},"loc":{"start":{"line":32,"column":16},"end":{"line":34,"column":5}},"line":32},"7":{"name":"(anonymous_7)","decl":{"start":{"line":35,"column":4},"end":{"line":35,"column":5}},"loc":{"start":{"line":35,"column":36},"end":{"line":37,"column":5}},"line":35},"8":{"name":"(anonymous_8)","decl":{"start":{"line":43,"column":4},"end":{"line":43,"column":5}},"loc":{"start":{"line":43,"column":38},"end":{"line":50,"column":5}},"line":43},"9":{"name":"(anonymous_9)","decl":{"start":{"line":52,"column":4},"end":{"line":52,"column":5}},"loc":{"start":{"line":52,"column":13},"end":{"line":54,"column":5}},"line":52},"10":{"name":"(anonymous_10)","decl":{"start":{"line":55,"column":4},"end":{"line":55,"column":5}},"loc":{"start":{"line":55,"column":15},"end":{"line":57,"column":5}},"line":55},"11":{"name":"(anonymous_11)","decl":{"start":{"line":58,"column":4},"end":{"line":58,"column":5}},"loc":{"start":{"line":58,"column":15},"end":{"line":60,"column":5}},"line":58},"12":{"name":"(anonymous_12)","decl":{"start":{"line":61,"column":4},"end":{"line":61,"column":5}},"loc":{"start":{"line":61,"column":15},"end":{"line":63,"column":5}},"line":61},"13":{"name":"(anonymous_13)","decl":{"start":{"line":65,"column":4},"end":{"line":65,"column":5}},"loc":{"start":{"line":65,"column":21},"end":{"line":65,"column":58}},"line":65},"14":{"name":"(anonymous_14)","decl":{"start":{"line":67,"column":4},"end":{"line":67,"column":5}},"loc":{"start":{"line":67,"column":20},"end":{"line":67,"column":135}},"line":67},"15":{"name":"(anonymous_15)","decl":{"start":{"line":67,"column":81},"end":{"line":67,"column":82}},"loc":{"start":{"line":67,"column":91},"end":{"line":67,"column":96}},"line":67},"16":{"name":"(anonymous_16)","decl":{"start":{"line":69,"column":4},"end":{"line":69,"column":5}},"loc":{"start":{"line":69,"column":27},"end":{"line":69,"column":127}},"line":69},"17":{"name":"(anonymous_17)","decl":{"start":{"line":76,"column":4},"end":{"line":76,"column":5}},"loc":{"start":{"line":76,"column":38},"end":{"line":79,"column":5}},"line":76},"18":{"name":"(anonymous_18)","decl":{"start":{"line":83,"column":4},"end":{"line":83,"column":5}},"loc":{"start":{"line":83,"column":75},"end":{"line":85,"column":5}},"line":83},"19":{"name":"(anonymous_19)","decl":{"start":{"line":89,"column":4},"end":{"line":89,"column":5}},"loc":{"start":{"line":89,"column":38},"end":{"line":92,"column":5}},"line":89},"20":{"name":"(anonymous_20)","decl":{"start":{"line":93,"column":4},"end":{"line":93,"column":5}},"loc":{"start":{"line":93,"column":68},"end":{"line":95,"column":5}},"line":93},"21":{"name":"(anonymous_21)","decl":{"start":{"line":99,"column":4},"end":{"line":99,"column":5}},"loc":{"start":{"line":99,"column":38},"end":{"line":101,"column":5}},"line":99},"22":{"name":"(anonymous_22)","decl":{"start":{"line":104,"column":4},"end":{"line":104,"column":5}},"loc":{"start":{"line":104,"column":72},"end":{"line":106,"column":5}},"line":104},"23":{"name":"(anonymous_23)","decl":{"start":{"line":141,"column":20},"end":{"line":141,"column":21}},"loc":{"start":{"line":141,"column":36},"end":{"line":153,"column":1}},"line":141},"24":{"name":"(anonymous_24)","decl":{"start":{"line":146,"column":35},"end":{"line":146,"column":36}},"loc":{"start":{"line":146,"column":48},"end":{"line":150,"column":5}},"line":146},"25":{"name":"(anonymous_25)","decl":{"start":{"line":158,"column":28},"end":{"line":158,"column":29}},"loc":{"start":{"line":158,"column":42},"end":{"line":158,"column":63}},"line":158},"26":{"name":"(anonymous_26)","decl":{"start":{"line":162,"column":38},"end":{"line":162,"column":39}},"loc":{"start":{"line":162,"column":46},"end":{"line":174,"column":1}},"line":162}},"branchMap":{"0":{"loc":{"start":{"line":15,"column":15},"end":{"line":15,"column":33}},"type":"binary-expr","locations":[{"start":{"line":15,"column":15},"end":{"line":15,"column":27}},{"start":{"line":15,"column":31},"end":{"line":15,"column":33}}],"line":15},"1":{"loc":{"start":{"line":18,"column":15},"end":{"line":18,"column":33}},"type":"binary-expr","locations":[{"start":{"line":18,"column":15},"end":{"line":18,"column":27}},{"start":{"line":18,"column":31},"end":{"line":18,"column":33}}],"line":18},"2":{"loc":{"start":{"line":33,"column":15},"end":{"line":33,"column":31}},"type":"binary-expr","locations":[{"start":{"line":33,"column":15},"end":{"line":33,"column":26}},{"start":{"line":33,"column":30},"end":{"line":33,"column":31}}],"line":33},"3":{"loc":{"start":{"line":53,"column":15},"end":{"line":53,"column":28}},"type":"binary-expr","locations":[{"start":{"line":53,"column":15},"end":{"line":53,"column":23}},{"start":{"line":53,"column":27},"end":{"line":53,"column":28}}],"line":53},"4":{"loc":{"start":{"line":56,"column":15},"end":{"line":56,"column":31}},"type":"binary-expr","locations":[{"start":{"line":56,"column":15},"end":{"line":56,"column":25}},{"start":{"line":56,"column":29},"end":{"line":56,"column":31}}],"line":56},"5":{"loc":{"start":{"line":59,"column":15},"end":{"line":59,"column":31}},"type":"binary-expr","locations":[{"start":{"line":59,"column":15},"end":{"line":59,"column":25}},{"start":{"line":59,"column":29},"end":{"line":59,"column":31}}],"line":59},"6":{"loc":{"start":{"line":62,"column":15},"end":{"line":62,"column":31}},"type":"binary-expr","locations":[{"start":{"line":62,"column":15},"end":{"line":62,"column":25}},{"start":{"line":62,"column":29},"end":{"line":62,"column":31}}],"line":62},"7":{"loc":{"start":{"line":67,"column":29},"end":{"line":67,"column":132}},"type":"cond-expr","locations":[{"start":{"line":67,"column":55},"end":{"line":67,"column":128}},{"start":{"line":67,"column":131},"end":{"line":67,"column":132}}],"line":67},"8":{"loc":{"start":{"line":69,"column":36},"end":{"line":69,"column":124}},"type":"cond-expr","locations":[{"start":{"line":69,"column":70},"end":{"line":69,"column":119}},{"start":{"line":69,"column":122},"end":{"line":69,"column":124}}],"line":69},"9":{"loc":{"start":{"line":172,"column":4},"end":{"line":172,"column":65}},"type":"if","locations":[{"start":{"line":172,"column":4},"end":{"line":172,"column":65}},{"start":{"line":172,"column":4},"end":{"line":172,"column":65}}],"line":172}},"s":{"0":1,"1":1,"2":4,"3":4,"4":4,"5":8,"6":11,"7":4,"8":2,"9":2,"10":4,"11":2,"12":9,"13":9,"14":9,"15":9,"16":12,"17":24,"18":36,"19":12,"20":4,"21":4,"22":26,"23":4,"24":3,"25":3,"26":3,"27":3,"28":3,"29":3,"30":1,"31":1,"32":1,"33":6,"34":1,"35":0,"36":0,"37":1,"38":1,"39":1,"40":1,"41":6,"42":1,"43":1,"44":12,"45":12,"46":12,"47":12,"48":12,"49":12,"50":12,"51":12,"52":6,"53":12},"f":{"0":1,"1":4,"2":8,"3":11,"4":4,"5":2,"6":4,"7":2,"8":9,"9":12,"10":24,"11":36,"12":12,"13":4,"14":4,"15":26,"16":4,"17":3,"18":3,"19":3,"20":3,"21":3,"22":3,"23":1,"24":0,"25":6,"26":12},"b":{"0":[8,0],"1":[11,0],"2":[4,3],"3":[12,3],"4":[24,6],"5":[36,9],"6":[12,4],"7":[4,0],"8":[4,0],"9":[6,6]},"_coverageSchema":"43e27e138ebf9cfc5966b082cf9a028302ed4184","hash":"36b659e1e0009350bbbb2524b7cf784eecc69d70"}
}
