TN:
SF:/home/dosseh/WEB-objectmodel-lab/resources/sensors_data.js
FNF:0
FNH:0
DA:1,1
LF:1
LH:1
BRF:0
BRH:0
end_of_record
TN:
SF:/home/dosseh/WEB-objectmodel-lab/src/index.js
FN:2,(anonymous_0)
FN:9,(anonymous_1)
FN:14,(anonymous_2)
FN:17,(anonymous_3)
FN:21,(anonymous_4)
FN:28,(anonymous_5)
FN:32,(anonymous_6)
FN:35,(anonymous_7)
FN:43,(anonymous_8)
FN:52,(anonymous_9)
FN:55,(anonymous_10)
FN:58,(anonymous_11)
FN:61,(anonymous_12)
FN:65,(anonymous_13)
FN:67,(anonymous_14)
FN:67,(anonymous_15)
FN:69,(anonymous_16)
FN:76,(anonymous_17)
FN:83,(anonymous_18)
FN:89,(anonymous_19)
FN:93,(anonymous_20)
FN:99,(anonymous_21)
FN:104,(anonymous_22)
FN:141,(anonymous_23)
FN:146,(anonymous_24)
FN:158,(anonymous_25)
FN:162,(anonymous_26)
FNF:27
FNH:26
FNDA:1,(anonymous_0)
FNDA:4,(anonymous_1)
FNDA:8,(anonymous_2)
FNDA:11,(anonymous_3)
FNDA:4,(anonymous_4)
FNDA:2,(anonymous_5)
FNDA:4,(anonymous_6)
FNDA:2,(anonymous_7)
FNDA:9,(anonymous_8)
FNDA:12,(anonymous_9)
FNDA:24,(anonymous_10)
FNDA:36,(anonymous_11)
FNDA:12,(anonymous_12)
FNDA:4,(anonymous_13)
FNDA:4,(anonymous_14)
FNDA:26,(anonymous_15)
FNDA:4,(anonymous_16)
FNDA:3,(anonymous_17)
FNDA:3,(anonymous_18)
FNDA:3,(anonymous_19)
FNDA:3,(anonymous_20)
FNDA:3,(anonymous_21)
FNDA:3,(anonymous_22)
FNDA:1,(anonymous_23)
FNDA:0,(anonymous_24)
FNDA:6,(anonymous_25)
FNDA:12,(anonymous_26)
DA:2,1
DA:10,4
DA:11,4
DA:12,4
DA:15,8
DA:18,11
DA:22,4
DA:29,2
DA:30,2
DA:33,4
DA:36,2
DA:45,9
DA:46,9
DA:47,9
DA:48,9
DA:53,12
DA:56,24
DA:59,36
DA:62,12
DA:65,4
DA:67,26
DA:69,4
DA:77,3
DA:84,3
DA:90,3
DA:94,3
DA:100,3
DA:105,3
DA:141,1
DA:142,1
DA:143,1
DA:144,6
DA:146,1
DA:147,0
DA:148,0
DA:151,1
DA:152,1
DA:156,1
DA:158,6
DA:161,1
DA:162,1
DA:164,12
DA:165,12
DA:166,12
DA:167,12
DA:168,12
DA:169,12
DA:171,12
DA:172,12
DA:173,12
LF:50
LH:48
BRDA:15,0,0,8
BRDA:15,0,1,0
BRDA:18,1,0,11
BRDA:18,1,1,0
BRDA:33,2,0,4
BRDA:33,2,1,3
BRDA:53,3,0,12
BRDA:53,3,1,3
BRDA:56,4,0,24
BRDA:56,4,1,6
BRDA:59,5,0,36
BRDA:59,5,1,9
BRDA:62,6,0,12
BRDA:62,6,1,4
BRDA:67,7,0,4
BRDA:67,7,1,0
BRDA:69,8,0,4
BRDA:69,8,1,0
BRDA:172,9,0,6
BRDA:172,9,1,6
BRF:20
BRH:16
end_of_record
